2021-09-08 21:24:16,436 - root - INFO - On page: https://www.halffaceblades.com/account/login
2021-09-08 21:24:20,260 - root - INFO - Found Elements with text: ['×']
2021-09-08 21:24:20,289 - root - INFO - Clicking button
2021-09-08 21:24:20,322 - root - INFO - Clicked Locator(by='xpath', value='/html/body/div[2]/div/div[1]/div/button')
2021-09-08 21:24:21,369 - root - INFO - Found Elements with text: ['']
2021-09-08 21:24:21,445 - root - INFO - Found Elements with text: ['']
2021-09-08 21:24:21,517 - root - INFO - Found Elements with text: ['']
2021-09-08 21:24:21,538 - root - INFO - Clicking input
2021-09-08 21:24:24,002 - root - INFO - Clicked Locator(by='xpath', value='/html/body/main/div/div/div/div/div[2]/form/p[2]/input')
2021-09-08 21:24:24,002 - root - INFO - On page: https://www.halffaceblades.com/collections/apparel
2021-09-08 21:24:25,587 - root - ERROR - Failed to find element
Traceback (most recent call last):
  File "C:\Users\T.Ntandika\PycharmProjects\AutoBuyKnives\elements\base_element.py", line 18, in find
    elements = WebDriverWait(self.driver, 0).until(
  File "C:\Users\T.Ntandika\PycharmProjects\AutoBuyKnives\env\lib\site-packages\selenium\webdriver\support\wait.py", line 80, in until
    raise TimeoutException(message, screen, stacktrace)
selenium.common.exceptions.TimeoutException: Message: 

2021-09-08 21:24:26,102 - root - WARNING - Message: 

2021-09-08 21:24:26,303 - root - INFO - Found Elements with text: ['$45.00', '$35.00', '$35.00', '$35.00', '$35.00', '$45.00', '$40.00', '$35.00', '$35.00', '$50.00', '$45.00']
2021-09-08 21:24:26,308 - root - INFO - $45.00
2021-09-08 21:24:26,319 - root - INFO - $35.00
2021-09-08 21:24:26,332 - root - INFO - $35.00
2021-09-08 21:24:26,345 - root - INFO - $35.00
2021-09-08 21:24:26,357 - root - INFO - $35.00
2021-09-08 21:24:26,368 - root - INFO - $45.00
2021-09-08 21:24:26,379 - root - INFO - $40.00
2021-09-08 21:24:26,391 - root - INFO - $35.00
2021-09-08 21:24:26,403 - root - INFO - $35.00
2021-09-08 21:24:26,416 - root - INFO - $50.00
2021-09-08 21:24:26,428 - root - INFO - $45.00
2021-09-08 21:24:26,436 - root - INFO - All prices [45.0, 35.0, 35.0, 35.0, 35.0, 45.0, 40.0, 35.0, 35.0, 50.0, 45.0]
2021-09-08 21:24:26,586 - root - INFO - Found Elements with text: ['$45.00', '$35.00', '$35.00', '$35.00', '$35.00', '$45.00', '$40.00', '$35.00', '$35.00', '$50.00', '$45.00']
2021-09-08 21:24:26,637 - root - INFO - Badge : SOLD OUT
2021-09-08 21:24:26,641 - root - INFO - This item is sold out
2021-09-08 21:24:26,692 - root - INFO - Badge : SOLD OUT
2021-09-08 21:24:26,696 - root - INFO - This item is sold out
2021-09-08 21:24:26,762 - root - INFO - $45.00 Rash guard short sleeve, HFB scalper, Canoe Club USA, KBD logos
$45.00
2021-09-08 21:24:28,759 - root - INFO - On page: https://www.halffaceblades.com/collections/apparel/products/rash-guard-short-sleeve-hfb-scalper-canoe-club-usa-wekbd-logos
2021-09-08 21:24:28,783 - root - INFO - Found Elements with text: ['']
2021-09-08 21:24:28,821 - root - INFO - Found Elements with text: ['']
2021-09-08 21:24:28,883 - root - INFO - Found Elements with text: ['Add to Cart']
2021-09-08 21:24:28,902 - root - INFO - Clicking button
2021-09-08 21:24:28,932 - root - INFO - Clicked Locator(by='id', value='AddToCart')
2021-09-08 21:24:28,933 - root - INFO - Inside error handler
2021-09-08 21:24:29,949 - root - ERROR - Message: no such element: Unable to locate element: {"method":"xpath","selector":"//p[contains(@class, 'errors')]"}
  (Session info: chrome=92.0.4515.159)
Traceback (most recent call last):
  File "C:\Users\T.Ntandika\PycharmProjects\AutoBuyKnives\auto_driver.py", line 114, in add_to_cart
    stock_error = self.driver.find_element_by_xpath("//p[contains(@class, 'errors')]")
  File "C:\Users\T.Ntandika\PycharmProjects\AutoBuyKnives\env\lib\site-packages\selenium\webdriver\remote\webdriver.py", line 394, in find_element_by_xpath
    return self.find_element(by=By.XPATH, value=xpath)
  File "C:\Users\T.Ntandika\PycharmProjects\AutoBuyKnives\env\lib\site-packages\selenium\webdriver\remote\webdriver.py", line 976, in find_element
    return self.execute(Command.FIND_ELEMENT, {
  File "C:\Users\T.Ntandika\PycharmProjects\AutoBuyKnives\env\lib\site-packages\selenium\webdriver\remote\webdriver.py", line 321, in execute
    self.error_handler.check_response(response)
  File "C:\Users\T.Ntandika\PycharmProjects\AutoBuyKnives\env\lib\site-packages\selenium\webdriver\remote\errorhandler.py", line 242, in check_response
    raise exception_class(message, screen, stacktrace)
selenium.common.exceptions.NoSuchElementException: Message: no such element: Unable to locate element: {"method":"xpath","selector":"//p[contains(@class, 'errors')]"}
  (Session info: chrome=92.0.4515.159)

2021-09-08 21:24:29,970 - root - INFO - On page: https://www.halffaceblades.com/cart
2021-09-08 21:24:31,539 - root - ERROR - Failed to find element
Traceback (most recent call last):
  File "C:\Users\T.Ntandika\PycharmProjects\AutoBuyKnives\auto_driver.py", line 114, in add_to_cart
    stock_error = self.driver.find_element_by_xpath("//p[contains(@class, 'errors')]")
  File "C:\Users\T.Ntandika\PycharmProjects\AutoBuyKnives\env\lib\site-packages\selenium\webdriver\remote\webdriver.py", line 394, in find_element_by_xpath
    return self.find_element(by=By.XPATH, value=xpath)
  File "C:\Users\T.Ntandika\PycharmProjects\AutoBuyKnives\env\lib\site-packages\selenium\webdriver\remote\webdriver.py", line 976, in find_element
    return self.execute(Command.FIND_ELEMENT, {
  File "C:\Users\T.Ntandika\PycharmProjects\AutoBuyKnives\env\lib\site-packages\selenium\webdriver\remote\webdriver.py", line 321, in execute
    self.error_handler.check_response(response)
  File "C:\Users\T.Ntandika\PycharmProjects\AutoBuyKnives\env\lib\site-packages\selenium\webdriver\remote\errorhandler.py", line 242, in check_response
    raise exception_class(message, screen, stacktrace)
selenium.common.exceptions.NoSuchElementException: Message: no such element: Unable to locate element: {"method":"xpath","selector":"//p[contains(@class, 'errors')]"}
  (Session info: chrome=92.0.4515.159)


During handling of the above exception, another exception occurred:

Traceback (most recent call last):
  File "C:\Users\T.Ntandika\PycharmProjects\AutoBuyKnives\elements\base_element.py", line 18, in find
    elements = WebDriverWait(self.driver, 0).until(
  File "C:\Users\T.Ntandika\PycharmProjects\AutoBuyKnives\env\lib\site-packages\selenium\webdriver\support\wait.py", line 80, in until
    raise TimeoutException(message, screen, stacktrace)
selenium.common.exceptions.TimeoutException: Message: 

2021-09-08 21:24:32,069 - root - WARNING - Message: 

2021-09-08 21:24:32,069 - root - INFO - going to complete shipping information
2021-09-08 21:24:32,102 - root - INFO - Found Elements with text: ['']
2021-09-08 21:24:32,130 - root - INFO - Clicking input
2021-09-08 21:24:36,116 - root - INFO - Clicked Locator(by='xpath', value='/html/body/main/div/div/form/div[4]/div/div/input[2]')
2021-09-08 21:24:36,119 - root - INFO - On page: https://www.halffaceblades.com/12593313/checkouts/01187d3ca337757083a4361d87ddd344?_ga=2.138975603.1391798873.1631129060-885062960.1631129060
2021-09-08 21:24:36,147 - root - INFO - Found Elements with text: ['']
2021-09-08 21:24:36,252 - root - INFO - Found Elements with text: ['']
2021-09-08 21:24:36,352 - root - INFO - Found Elements with text: ['']
2021-09-08 21:24:36,460 - root - INFO - Found Elements with text: ['']
2021-09-08 21:24:36,560 - root - INFO - Found Elements with text: ['']
2021-09-08 21:24:36,654 - root - INFO - Found Elements with text: ['']
2021-09-08 21:24:36,761 - root - INFO - Found Elements with text: ['']
2021-09-08 21:24:36,869 - root - INFO - Found Elements with text: ['United States', 'United States']
2021-09-08 21:24:36,893 - root - INFO - Clicking option
2021-09-08 21:24:36,913 - root - INFO - Clicked Locator(by='xpath', value="//option[@value='United States']")
2021-09-08 21:24:36,936 - root - INFO - Found Elements with text: ['Continue to shipping']
2021-09-08 21:24:36,962 - root - INFO - Clicking button
2021-09-08 21:24:40,177 - root - INFO - Clicked Locator(by='xpath', value='/html/body/div/div/div/main/div[1]/form/div[2]/button')
2021-09-08 21:24:40,179 - root - INFO - On page: https://www.halffaceblades.com/12593313/checkouts/01187d3ca337757083a4361d87ddd344?previous_step=contact_information&step=shipping_method
2021-09-08 21:24:40,181 - root - INFO - On url 444:https://www.halffaceblades.com/12593313/checkouts/01187d3ca337757083a4361d87ddd344?previous_step=contact_information&step=shipping_method
2021-09-08 21:24:41,272 - root - INFO - Found Elements with text: ['Continue to payment']
2021-09-08 21:24:41,296 - root - INFO - Clicking button
2021-09-08 21:24:45,132 - root - INFO - Clicked Locator(by='xpath', value='/html/body/div/div/div/main/div[1]/form/div[2]/button')
2021-09-08 21:24:45,134 - root - INFO - This is the url :https://www.halffaceblades.com/12593313/checkouts/01187d3ca337757083a4361d87ddd344?previous_step=shipping_method&step=payment_method
2021-09-08 21:24:45,135 - root - INFO - On page: https://www.halffaceblades.com/12593313/checkouts/01187d3ca337757083a4361d87ddd344?previous_step=shipping_method&step=payment_method
2021-09-08 21:24:45,137 - root - INFO - 


 https://www.halffaceblades.com/12593313/checkouts/01187d3ca337757083a4361d87ddd344?previous_step=shipping_method&step=payment_method
https://www.halffaceblades.com/12593313/checkouts/01187d3ca337757083a4361d87ddd344?previous_step=shipping_method&step=payment_method

2021-09-08 21:24:45,182 - root - INFO - Found Elements with text: ['']
2021-09-08 21:24:45,253 - root - INFO - Found Elements with text: ['']
2021-09-08 21:24:45,300 - root - INFO - Found Elements with text: ['']
2021-09-08 21:24:45,342 - root - INFO - Found Elements with text: ['']
2021-09-08 21:24:45,414 - root - INFO - Found Elements with text: ['']
2021-09-08 21:24:45,551 - root - INFO - Found Elements with text: ['']
2021-09-08 21:24:45,602 - root - INFO - Found Elements with text: ['']
2021-09-08 21:24:45,668 - root - INFO - Found Elements with text: ['']
2021-09-08 21:24:45,751 - root - INFO - Found Elements with text: ['']
2021-09-08 21:24:45,776 - root - INFO - Clicking div
2021-09-08 21:24:45,820 - root - INFO - Clicked Locator(by='xpath', value='/html/body/div/div/div/main/div[1]/div/form/div[2]/div[2]/fieldset/div[1]/div')
2021-09-08 21:24:45,865 - root - INFO - Found Elements with text: ['Pay now']
2021-09-08 21:24:45,889 - root - INFO - Clicking button
2021-09-08 21:24:45,929 - root - INFO - Clicked Locator(by='xpath', value='/html/body/div/div/div/main/div[1]/div/form/div[3]/div[1]/button')
2021-09-08 21:24:45,929 - root - INFO - Clinked something
2021-09-08 21:24:45,932 - root - INFO - This is the url :https://www.halffaceblades.com/12593313/checkouts/01187d3ca337757083a4361d87ddd344?previous_step=shipping_method&step=payment_method
2021-09-08 21:24:45,932 - root - INFO - Completed shipping information
